-------------------------------------------------------------------------------
Test set: com.taskList.taskList.TaskListApplicationTests
-------------------------------------------------------------------------------
Tests run: 1, Failures: 0, Errors: 1, Skipped: 0, Time elapsed: 2.329 s <<< FAILURE! - in com.taskList.taskList.TaskListApplicationTests
com.taskList.taskList.TaskListApplicationTests  Time elapsed: 2.327 s  <<< ERROR!
java.lang.IllegalStateException: Unable to find a @SpringBootConfiguration, you need to use @ContextConfiguration or @SpringBootTest(classes=...) with your test

